Output settings: Reference point (0.000, 0.000, 0.000)
Distance range 0.000-5.000 pc; Luminosity range 0.000-200.000
Binaries are allowed.
GlieseID   Spectrum     DistPC    RefDistPC   X        Y       Z       Lum      Remarks
  Sun        G2 V         0.0000    0.0000   +0.000   +0.000   +0.000  1.04713 Sun 
Gl   1       M4 V         4.5086    4.5086   +3.572   +0.038   -2.751  0.00711 
GJ 1002      M5-5.5       4.6992    4.6992   +4.655   +0.086   -0.637  0.00006 
Gl  15  A    M2 V         3.4542    3.4542   +2.490   +0.169   +2.388  0.00637 GX And 
Gl  15  B    M6 Ve        3.4542    3.4542   +2.490   +0.169   +2.388  0.00041 GQ And 
Gl  35      DZ7           4.3309    4.3309   +4.225   +0.869   +0.389  0.00019 van Maanen 2 
Gl  54.1    dM5  e        3.7397    3.7397   +3.406   +1.074   -1.110  0.00019 LTT 670 L 725-32 
Gl  65  A   dM5.5e        2.6267    2.6267   +2.278   +1.019   -0.821  0.00006 L 726-008 LDS 838  V(AB) = 11.89 d(m) = 0.14 
Gl  65  B   dM5.5e        2.6267    2.6267   +2.278   +1.019   -0.821  0.00005 UV Cet  a = 5.57" P = 200 yr 
Gl  71       G8 Vp        3.4965    3.4965   +3.032   +1.442   -0.975  0.44875 TAU Cet 
Gl  83.1    dM8  e        4.4683    4.4683   +3.797   +2.136   +0.993  0.00022 L 1159-016 
Gl 144       K2 V         3.2723    3.2723   +1.958   +2.564   -0.547  0.31333 EPS Eri 
GJ 1061      M4.5         4.2918    4.2918   +1.813   +2.456   -3.017  0.00010 LFT 295 LTT 1702 
Gl 166  A    K1 Ve        4.8286    4.8286   +2.154   +4.272   -0.649  0.35975 LTT 1907 OMI(2) Eri 
Gl 166  B   DA4           4.8286    4.8286   +2.152   +4.273   -0.650  0.00331 LTT 1908 40 Eri B 
Gl 166  C   dM4.5e        4.8286    4.8286   +2.152   +4.273   -0.650  0.00072 LTT 1909 DY Eri 
                          0.0000    0.0000   +0.000   +0.000   +0.000 91.20108 
Gl 191       M0 V         3.8715    3.8715   +0.596   +2.672   -2.737  0.00394 
Gl 234  A    M4.5 J       4.1305    4.1305   -0.482   +4.097   -0.200  0.00055 Ross 614  V(AB) = 10.10 d(m) = 3.5 ? 
Gl 234  B                 4.1305    4.1305   -0.482   +4.097   -0.200  0.00002 V 577 Mon  a = 0.932" 16.60 yr 
Gl 244  A    A1 V         2.6288    2.6288   -0.469   +2.475   -0.753 23.55049 ALF CMa ADS 5423 LTT 2638 
Gl 244  B   DA2           2.6288    2.6288   -0.469   +2.475   -0.753  0.00265  a = 7.500" P = 50.090 yr 
Gl 273       M3.5         3.7821    3.7821   -1.360   +3.511   +0.355  0.00150 
Gl 280  A    F5 IV-V      3.4990    3.4990   -1.426   +3.178   +0.327  7.87046 ALF Cmi 
Gl 280  B   DA            3.4990    3.4990   -1.426   +3.178   +0.327  0.00058 
GJ 1111      M6.5         3.6258    3.6258   -1.932   +2.591   +1.643  0.00001 
NN           k            4.4643    4.4643   -3.069   +3.171   +0.673  0.00080 LTT 12352 
Gl 380       K2 Ve        4.6904    4.6904   -2.680   +1.420   +3.578  0.04656 
Gl 388       M4.5Ve       4.9044    4.9044   -4.147   +2.002   +1.687  0.00380 AD Leo 
                          0.0000    0.0000   +0.000   +0.000   +0.000 91.20108 
NN           m            4.4883    4.4883   -2.056   +0.721   -3.924  0.00005 LTT 3946 L 143-23 
NN           M6.5         4.5249    4.5249   -4.210   +1.415   -0.867  0.00001 LP 731-58 
Gl 406       M6           2.3906    2.3906   -2.274   +0.672   +0.305  0.00002 LTT 12923 Wolf 359 
Gl 411       M2 Ve        2.5170    2.5170   -1.961   +0.520   +1.490  0.00586 
Gl 440      DQ6           4.5767    4.5767   -1.961   +0.146   -4.133  0.00048 L 145-141 
Gl 447      dM4.5         3.3212    3.3212   -3.314   +0.215   +0.064  0.00036 Ross 128 
Gl 473  A   dM5.5eJ       4.3066    4.3066   -4.212   -0.570   +0.695  0.00010 Wolf 424   V(AB) = 12.43 d(m) = 0.3 
Gl 473  B    M7           4.3066    4.3066   -4.212   -0.570   +0.695  0.00008 FL Vir  a = 0.76" P = 16.2 yr 
Gl 551      dM5  e        1.2957    1.2957   -0.481   -0.357   -1.149  0.00006 Proxima Cen 
Gl 559  A    G2 V         1.3351    1.3351   -0.509   -0.412   -1.164  1.61436 ALF Cen 
Gl 559  B    K0 V         1.3351    1.3351   -0.509   -0.412   -1.164  0.47424 
Gl 628       M3.5         4.0866    4.0866   -1.566   -3.669   -0.887  0.00142 
Gl 674       M3           4.5517    4.5517   -0.475   -3.077   -3.320  0.00337 
Gl 682       M3.5         4.7259    4.7259   -0.391   -3.361   -3.299  0.00085 
Gl 687       M3.5 V       4.7015    4.7015   -0.176   -1.723   +4.371  0.00429 
Gl 699       M5 V         1.8339    1.8339   -0.037   -1.828   +0.146  0.00047 Barnard's star 
Gl 725  A   dM4           3.4953    3.4953   +0.324   -1.741   +3.013  0.00308 
Gl 725  B   dM5           3.4953    3.4953   +0.324   -1.741   +3.013  0.00146  sep 17" 155d 
Gl 729      dM4.5e        2.9317    2.9317   +0.543   -2.625   -1.187  0.00052 AC-24:2833-183 
Gl 768       A7 IV-V      4.9751    4.9751   +2.239   -4.378   +0.756 11.06624 ALF Aql 
GJ 1245 A    M5.5 V e     4.7170    4.7170   +1.589   -2.979   +3.294  0.00009 V1581 Cyg  orbit in Harrington AJ 100, p 559 (1990) 
GJ 1245 B    m            4.7170    4.7170   +1.589   -2.979   +3.294  0.00005  sep 7" 103d (LHS) 
Gl 820  A    K5 Ve        3.4638    3.4638   +1.955   -1.877   +2.156  0.09036 61 Cyg 
Gl 820  B    K7 Ve        3.4638    3.4638   +1.955   -1.877   +2.156  0.04246 
Gl 825       M0 Ve        3.8670    3.8670   +2.252   -1.986   -2.437  0.02938 
Gl 832       M1 V         4.6512    4.6512   +2.412   -1.847   -3.522  0.00673 L 354-89 CD-49:13515 Sm 83 
Gl 845       K5 Ve        3.4614    3.4614   +1.631   -0.946   -2.903  0.14588 EPS Ind 
Gl 860  A    M2 V         3.9698    3.9698   +1.960   -0.850   +3.346  0.00164 ADS 15972 Kr 60  V(AB) = 9.59 d(m) = 1.67 
Gl 860  B    M6 V         3.9698    3.9698   +1.960   -0.850   +3.346  0.00044 DO Cep  a = 2.412" P = 44.6 yr 
Gl 866  AB   M5  e        3.3979    3.3979   +3.054   -1.176   -0.913  0.00009 L 789-006   V(AB) = 12.30 d(m) = 1.0  ; a = 0.36" P = 2.2 yr 
Gl 876      dM5           4.7326    4.7326   +4.373   -1.367   -1.187  0.00175 
Gl 887       M2 Ve        3.5174    3.5174   +2.752   -0.703   -2.075  0.01306 
Gl 905      dM6  e        3.1686    3.1686   +2.273   -0.205   +2.198  0.00011 Ross 248 
